<?xml version="1.0" encoding="UTF-8"?>
<robot generator="Rebot 6.1 (Python 3.11.4 on win32)" generated="20230625 20:43:01.773" rpa="false" schemaversion="4">
<suite id="s1" name="TestCases" source="C:\Users\vengurah\PycharmProjects\testproj\TestCases">
<suite id="s1-s1" name="Case1" source="C:\Users\vengurah\PycharmProjects\testproj\TestCases\Case1.robot">
<test id="s1-s1-t1" name="Open Page and Click Image" line="10">
<kw name="Open Browser" library="SeleniumLibrary">
<arg>${URL}</arg>
<arg>${BROWSER}</arg>
<doc>Opens a new browser instance to the optional ``url``.</doc>
<msg timestamp="20230625 20:42:34.476" level="INFO">Opening browser 'Chrome' to base url 'http://vengurah:Tieto%40124@teict90-8690f4.eu.tieto.com/ESS/'.</msg>
<status status="PASS" starttime="20230625 20:42:34.476" endtime="20230625 20:42:41.045"/>
</kw>
<kw name="Maximize Browser Window" library="SeleniumLibrary">
<doc>Maximizes current browser window.</doc>
<status status="PASS" starttime="20230625 20:42:41.046" endtime="20230625 20:42:41.161"/>
</kw>
<kw name="Click Image">
<arg>${IMAGE_LOCATOR}</arg>
<kw name="Click Element" library="SeleniumLibrary">
<arg>${locator}</arg>
<doc>Click the element identified by ``locator``.</doc>
<msg timestamp="20230625 20:42:41.162" level="INFO">Clicking element 'xpath=//*[@id="ContentPlaceHolder1_btn_grievance"]'.</msg>
<status status="PASS" starttime="20230625 20:42:41.161" endtime="20230625 20:42:43.090"/>
</kw>
<status status="PASS" starttime="20230625 20:42:41.161" endtime="20230625 20:42:43.091"/>
</kw>
<kw name="Wait Until Page Contains" library="SeleniumLibrary">
<arg>No tickets found</arg>
<doc>Waits until ``text`` appears on the current page.</doc>
<status status="PASS" starttime="20230625 20:42:43.092" endtime="20230625 20:42:43.116"/>
</kw>
<kw name="Close Browser" library="SeleniumLibrary">
<doc>Closes the current browser.</doc>
<status status="PASS" starttime="20230625 20:42:43.116" endtime="20230625 20:42:45.375"/>
</kw>
<status status="PASS" starttime="20230625 20:42:34.475" endtime="20230625 20:42:45.375"/>
</test>
<status status="PASS" starttime="20230625 20:42:34.308" endtime="20230625 20:42:45.376"/>
</suite>
<suite id="s1-s2" name="TC2" source="C:\Users\vengurah\PycharmProjects\testproj\TestCases\TC2.robot">
<test id="s1-s2-t1" name="Open Page and Click Image" line="10">
<kw name="Open Browser" library="SeleniumLibrary">
<arg>${URL}</arg>
<arg>${BROWSER}</arg>
<doc>Opens a new browser instance to the optional ``url``.</doc>
<msg timestamp="20230625 20:42:34.475" level="INFO">Opening browser 'Chrome' to base url 'http://vengurah:Tieto%40124@teict90-8690f4.eu.tieto.com/ESS/'.</msg>
<status status="PASS" starttime="20230625 20:42:34.475" endtime="20230625 20:42:39.575"/>
</kw>
<kw name="Maximize Browser Window" library="SeleniumLibrary">
<doc>Maximizes current browser window.</doc>
<status status="PASS" starttime="20230625 20:42:39.576" endtime="20230625 20:42:39.712"/>
</kw>
<kw name="Click Image">
<arg>${IMAGE_LOCATOR}</arg>
<kw name="Click Element" library="SeleniumLibrary">
<arg>${locator}</arg>
<doc>Click the element identified by ``locator``.</doc>
<msg timestamp="20230625 20:42:39.712" level="INFO">Clicking element 'xpath=//*[@id="ContentPlaceHolder1_btn_grievance"]'.</msg>
<status status="PASS" starttime="20230625 20:42:39.712" endtime="20230625 20:42:41.522"/>
</kw>
<status status="PASS" starttime="20230625 20:42:39.712" endtime="20230625 20:42:41.522"/>
</kw>
<kw name="Wait Until Page Contains" library="SeleniumLibrary">
<arg>No tickets found</arg>
<doc>Waits until ``text`` appears on the current page.</doc>
<status status="PASS" starttime="20230625 20:42:41.523" endtime="20230625 20:42:41.541"/>
</kw>
<kw name="Close Browser" library="SeleniumLibrary">
<doc>Closes the current browser.</doc>
<status status="PASS" starttime="20230625 20:42:41.541" endtime="20230625 20:42:43.673"/>
</kw>
<status status="PASS" starttime="20230625 20:42:34.474" endtime="20230625 20:42:43.674"/>
</test>
<status status="PASS" starttime="20230625 20:42:34.309" endtime="20230625 20:42:43.676"/>
</suite>
<suite id="s1-s3" name="TC3" source="C:\Users\vengurah\PycharmProjects\testproj\TestCases\TC3.robot">
<test id="s1-s3-t1" name="Open Page and Click Image" line="10">
<kw name="Open Browser" library="SeleniumLibrary">
<arg>${URL}</arg>
<arg>${BROWSER}</arg>
<doc>Opens a new browser instance to the optional ``url``.</doc>
<msg timestamp="20230625 20:42:48.551" level="INFO">Opening browser 'Chrome' to base url 'http://vengurah:Tieto%40124@teict90-8690f4.eu.tieto.com/ESS/'.</msg>
<status status="PASS" starttime="20230625 20:42:48.550" endtime="20230625 20:42:53.315"/>
</kw>
<kw name="Maximize Browser Window" library="SeleniumLibrary">
<doc>Maximizes current browser window.</doc>
<status status="PASS" starttime="20230625 20:42:53.316" endtime="20230625 20:42:53.448"/>
</kw>
<kw name="Click Image">
<arg>${IMAGE_LOCATOR}</arg>
<kw name="Click Element" library="SeleniumLibrary">
<arg>${locator}</arg>
<doc>Click the element identified by ``locator``.</doc>
<msg timestamp="20230625 20:42:53.451" level="INFO">Clicking element 'xpath=//*[@id="ContentPlaceHolder1_btn_grievance"]'.</msg>
<status status="PASS" starttime="20230625 20:42:53.450" endtime="20230625 20:42:55.233"/>
</kw>
<status status="PASS" starttime="20230625 20:42:53.449" endtime="20230625 20:42:55.233"/>
</kw>
<kw name="Wait Until Page Contains" library="SeleniumLibrary">
<arg>No tickets found</arg>
<doc>Waits until ``text`` appears on the current page.</doc>
<status status="PASS" starttime="20230625 20:42:55.234" endtime="20230625 20:42:55.245"/>
</kw>
<kw name="Close Browser" library="SeleniumLibrary">
<doc>Closes the current browser.</doc>
<status status="PASS" starttime="20230625 20:42:55.245" endtime="20230625 20:42:57.363"/>
</kw>
<status status="PASS" starttime="20230625 20:42:48.550" endtime="20230625 20:42:57.363"/>
</test>
<status status="PASS" starttime="20230625 20:42:48.381" endtime="20230625 20:42:57.365"/>
</suite>
<doc>[https://pabot.org/?ref=log|Pabot] result from 3 executions.</doc>
<status status="PASS" starttime="20230625 20:42:34.293" endtime="20230625 20:42:57.405"/>
</suite>
<statistics>
<total>
<stat pass="3" fail="0" skip="0">All Tests</stat>
</total>
<tag>
</tag>
<suite>
<stat pass="3" fail="0" skip="0" id="s1" name="TestCases">TestCases</stat>
<stat pass="1" fail="0" skip="0" id="s1-s1" name="Case1">TestCases.Case1</stat>
<stat pass="1" fail="0" skip="0" id="s1-s2" name="TC2">TestCases.TC2</stat>
<stat pass="1" fail="0" skip="0" id="s1-s3" name="TC3">TestCases.TC3</stat>
</suite>
</statistics>
<errors>
</errors>
</robot>
