<?xml version="1.0" encoding="UTF-8"?>
<robot generator="Robot 6.1 (Python 3.11.4 on win32)" generated="20230625 18:55:54.816" rpa="false" schemaversion="4">
<suite id="s1" name="TC3" source="C:\Users\vengurah\PycharmProjects\testproj\TestCases\TC3.robot">
<test id="s1-t1" name="Open Page and Click Image" line="10">
<kw name="Open Browser" library="SeleniumLibrary">
<arg>${URL}</arg>
<arg>${BROWSER}</arg>
<doc>Opens a new browser instance to the optional ``url``.</doc>
<msg timestamp="20230625 18:55:55.052" level="INFO">Opening browser 'Chrome' to base url 'http://vengurah:Tieto%40124@teict90-8690f4.eu.tieto.com/ESS/'.</msg>
<status status="PASS" starttime="20230625 18:55:55.051" endtime="20230625 18:56:08.324"/>
</kw>
<kw name="Maximize Browser Window" library="SeleniumLibrary">
<doc>Maximizes current browser window.</doc>
<status status="PASS" starttime="20230625 18:56:08.325" endtime="20230625 18:56:08.452"/>
</kw>
<kw name="Click Image">
<arg>${IMAGE_LOCATOR}</arg>
<kw name="Click Element" library="SeleniumLibrary">
<arg>${locator}</arg>
<doc>Click the element identified by ``locator``.</doc>
<msg timestamp="20230625 18:56:08.456" level="INFO">Clicking element 'xpath=//*[@id="ContentPlaceHolder1_btn_grievance"]'.</msg>
<status status="PASS" starttime="20230625 18:56:08.455" endtime="20230625 18:56:10.855"/>
</kw>
<status status="PASS" starttime="20230625 18:56:08.453" endtime="20230625 18:56:10.855"/>
</kw>
<kw name="Wait Until Page Contains" library="SeleniumLibrary">
<arg>No tickets found</arg>
<doc>Waits until ``text`` appears on the current page.</doc>
<status status="PASS" starttime="20230625 18:56:10.856" endtime="20230625 18:56:10.874"/>
</kw>
<kw name="Close Browser" library="SeleniumLibrary">
<doc>Closes the current browser.</doc>
<status status="PASS" starttime="20230625 18:56:10.875" endtime="20230625 18:56:13.116"/>
</kw>
<status status="PASS" starttime="20230625 18:55:55.050" endtime="20230625 18:56:13.117"/>
</test>
<status status="PASS" starttime="20230625 18:55:54.818" endtime="20230625 18:56:13.119"/>
</suite>
<statistics>
<total>
<stat pass="1" fail="0" skip="0">All Tests</stat>
</total>
<tag>
</tag>
<suite>
<stat pass="1" fail="0" skip="0" id="s1" name="TC3">TC3</stat>
</suite>
</statistics>
<errors>
</errors>
</robot>
